# JRE version: OpenJDK Runtime Environment (17.0.7) (build 17.0.7+0-b2043.56-10550314)
# Java VM: OpenJDK 64-Bit Server VM (17.0.7+0-b2043.56-10550314, mixed mode, tiered, compressed oops, compressed class ptrs, g1 gc, windows-amd64)
GC Precious Log:
 CPUs: 12 total, 12 available
 Memory: 7583M
 Large Page Support: Disabled
 NUMA Support: Disabled
 Compressed Oops: Enabled (32-bit)
 Heap Region Size: 1M
 Heap Min Capacity: 8M
 Heap Initial Capacity: 120M
 Heap Max Capacity: 1896M
 Pre-touch: Disabled
 Parallel Workers: 10
 Concurrent Workers: 3
 Concurrent Refinement Workers: 10
 Periodic GC: Disabled
Heap:
 garbage-first heap   total 126976K, used 57883K [0x0000000089800000, 0x0000000100000000)
  region size 1024K, 1 young (1024K), 1 survivors (1024K)
 Metaspace       used 55987K, committed 56192K, reserved 1114112K
  class space    used 6584K, committed 6656K, reserved 1048576K
GC Heap History (20 events):
Event: 2.449 GC heap after
{Heap after GC invocations=12 (full 0):
 garbage-first heap   total 82944K, used 30914K [0x0000000089800000, 0x0000000100000000)
  region size 1024K, 2 young (2048K), 2 survivors (2048K)
 Metaspace       used 44283K, committed 44416K, reserved 1114112K
  class space    used 5304K, committed 5376K, reserved 1048576K
}
Event: 2.594 GC heap before
{Heap before GC invocations=13 (full 0):
 garbage-first heap   total 82944K, used 58562K [0x0000000089800000, 0x0000000100000000)
  region size 1024K, 28 young (28672K), 2 survivors (2048K)
 Metaspace       used 45190K, committed 45440K, reserved 1114112K
  class space    used 5411K, committed 5504K, reserved 1048576K
}
Event: 2.598 GC heap after
{Heap after GC invocations=14 (full 0):
 garbage-first heap   total 82944K, used 33222K [0x0000000089800000, 0x0000000100000000)
  region size 1024K, 4 young (4096K), 4 survivors (4096K)
 Metaspace       used 45190K, committed 45440K, reserved 1114112K
  class space    used 5411K, committed 5504K, reserved 1048576K
}
Event: 3.068 GC heap before
{Heap before GC invocations=14 (full 0):
 garbage-first heap   total 82944K, used 57798K [0x0000000089800000, 0x0000000100000000)
  region size 1024K, 29 young (29696K), 4 survivors (4096K)
 Metaspace       used 50492K, committed 50752K, reserved 1114112K
  class space    used 6021K, committed 6144K, reserved 1048576K
}
Event: 3.075 GC heap after
{Heap after GC invocations=15 (full 0):
 garbage-first heap   total 82944K, used 35491K [0x0000000089800000, 0x0000000100000000)
  region size 1024K, 4 young (4096K), 4 survivors (4096K)
 Metaspace       used 50492K, committed 50752K, reserved 1114112K
  class space    used 6021K, committed 6144K, reserved 1048576K
}
Event: 3.295 GC heap before
{Heap before GC invocations=15 (full 0):
 garbage-first heap   total 82944K, used 59043K [0x0000000089800000, 0x0000000100000000)
  region size 1024K, 28 young (28672K), 4 survivors (4096K)
 Metaspace       used 51570K, committed 51840K, reserved 1114112K
  class space    used 6122K, committed 6272K, reserved 1048576K
}
Event: 3.304 GC heap after
{Heap after GC invocations=16 (full 0):
 garbage-first heap   total 82944K, used 39466K [0x0000000089800000, 0x0000000100000000)
  region size 1024K, 4 young (4096K), 4 survivors (4096K)
 Metaspace       used 51570K, committed 51840K, reserved 1114112K
  class space    used 6122K, committed 6272K, reserved 1048576K
}
Event: 3.689 GC heap before
{Heap before GC invocations=16 (full 0):
 garbage-first heap   total 82944K, used 60970K [0x0000000089800000, 0x0000000100000000)
  region size 1024K, 26 young (26624K), 4 survivors (4096K)
 Metaspace       used 53338K, committed 53568K, reserved 1114112K
  class space    used 6287K, committed 6400K, reserved 1048576K
}
Event: 3.700 GC heap after
{Heap after GC invocations=17 (full 0):
 garbage-first heap   total 82944K, used 44618K [0x0000000089800000, 0x0000000100000000)
  region size 1024K, 4 young (4096K), 4 survivors (4096K)
 Metaspace       used 53338K, committed 53568K, reserved 1114112K
  class space    used 6287K, committed 6400K, reserved 1048576K
}
Event: 3.888 GC heap before
{Heap before GC invocations=17 (full 0):
 garbage-first heap   total 82944K, used 63050K [0x0000000089800000, 0x0000000100000000)
  region size 1024K, 22 young (22528K), 4 survivors (4096K)
 Metaspace       used 53759K, committed 54016K, reserved 1114112K
  class space    used 6297K, committed 6400K, reserved 1048576K
}
Event: 3.899 GC heap after
{Heap after GC invocations=18 (full 0):
 garbage-first heap   total 103424K, used 48128K [0x0000000089800000, 0x0000000100000000)
  region size 1024K, 3 young (3072K), 3 survivors (3072K)
 Metaspace       used 53759K, committed 54016K, reserved 1114112K
  class space    used 6297K, committed 6400K, reserved 1048576K
}
Event: 4.164 GC heap before
{Heap before GC invocations=19 (full 0):
 garbage-first heap   total 103424K, used 76800K [0x0000000089800000, 0x0000000100000000)
  region size 1024K, 31 young (31744K), 3 survivors (3072K)
 Metaspace       used 54025K, committed 54272K, reserved 1114112K
  class space    used 6304K, committed 6400K, reserved 1048576K
}
Event: 4.179 GC heap after
{Heap after GC invocations=20 (full 0):
 garbage-first heap   total 103424K, used 54120K [0x0000000089800000, 0x0000000100000000)
  region size 1024K, 4 young (4096K), 4 survivors (4096K)
 Metaspace       used 54025K, committed 54272K, reserved 1114112K
  class space    used 6304K, committed 6400K, reserved 1048576K
}
Event: 4.313 GC heap before
{Heap before GC invocations=20 (full 0):
 garbage-first heap   total 103424K, used 78696K [0x0000000089800000, 0x0000000100000000)
  region size 1024K, 28 young (28672K), 4 survivors (4096K)
 Metaspace       used 54230K, committed 54400K, reserved 1114112K
  class space    used 6322K, committed 6400K, reserved 1048576K
}
Event: 4.326 GC heap after
{Heap after GC invocations=21 (full 0):
 garbage-first heap   total 103424K, used 58123K [0x0000000089800000, 0x0000000100000000)
  region size 1024K, 4 young (4096K), 4 survivors (4096K)
 Metaspace       used 54230K, committed 54400K, reserved 1114112K
  class space    used 6322K, committed 6400K, reserved 1048576K
}
Event: 4.373 GC heap before
{Heap before GC invocations=21 (full 0):
 garbage-first heap   total 126976K, used 80651K [0x0000000089800000, 0x0000000100000000)
  region size 1024K, 26 young (26624K), 4 survivors (4096K)
 Metaspace       used 54237K, committed 54464K, reserved 1114112K
  class space    used 6322K, committed 6400K, reserved 1048576K
}
Event: 4.377 GC heap after
{Heap after GC invocations=22 (full 0):
 garbage-first heap   total 126976K, used 58935K [0x0000000089800000, 0x0000000100000000)
  region size 1024K, 1 young (1024K), 1 survivors (1024K)
 Metaspace       used 54237K, committed 54464K, reserved 1114112K
  class space    used 6322K, committed 6400K, reserved 1048576K
}
Event: 4.460 GC heap before
{Heap before GC invocations=23 (full 0):
 garbage-first heap   total 126976K, used 95799K [0x0000000089800000, 0x0000000100000000)
  region size 1024K, 37 young (37888K), 1 survivors (1024K)
 Metaspace       used 54446K, committed 54656K, reserved 1114112K
  class space    used 6348K, committed 6464K, reserved 1048576K
}
Event: 4.462 GC heap after
{Heap after GC invocations=24 (full 0):
 garbage-first heap   total 126976K, used 58368K [0x0000000089800000, 0x0000000100000000)
  region size 1024K, 1 young (1024K), 1 survivors (1024K)
 Metaspace       used 54446K, committed 54656K, reserved 1114112K
  class space    used 6348K, committed 6464K, reserved 1048576K
}
Event: 4.566 GC heap before
{Heap before GC invocations=24 (full 0):
 garbage-first heap   total 126976K, used 63488K [0x0000000089800000, 0x0000000100000000)
  region size 1024K, 6 young (6144K), 1 survivors (1024K)
 Metaspace       used 55987K, committed 56192K, reserved 1114112K
  class space    used 6584K, committed 6656K, reserved 1048576K
}

