# JRE version: OpenJDK Runtime Environment (17.0.7) (build 17.0.7+0-b2043.56-10550314)
# Java VM: OpenJDK 64-Bit Server VM (17.0.7+0-b2043.56-10550314, mixed mode, tiered, compressed oops, compressed class ptrs, g1 gc, windows-amd64)
GC Precious Log:
 CPUs: 12 total, 12 available
 Memory: 7583M
 Large Page Support: Disabled
 NUMA Support: Disabled
 Compressed Oops: Enabled (32-bit)
 Heap Region Size: 1M
 Heap Min Capacity: 8M
 Heap Initial Capacity: 120M
 Heap Max Capacity: 1896M
 Pre-touch: Disabled
 Parallel Workers: 10
 Concurrent Workers: 3
 Concurrent Refinement Workers: 10
 Periodic GC: Disabled
Heap:
 garbage-first heap   total 313344K, used 183516K [0x0000000089800000, 0x0000000100000000)
  region size 1024K, 97 young (99328K), 17 survivors (17408K)
 Metaspace       used 71568K, committed 71936K, reserved 1114112K
  class space    used 7898K, committed 8064K, reserved 1048576K
GC Heap History (20 events):
Event: 5.285 GC heap before
{Heap before GC invocations=18 (full 0):
 garbage-first heap   total 133120K, used 98791K [0x0000000089800000, 0x0000000100000000)
  region size 1024K, 46 young (47104K), 5 survivors (5120K)
 Metaspace       used 54307K, committed 54528K, reserved 1114112K
  class space    used 6322K, committed 6400K, reserved 1048576K
}
Event: 5.292 GC heap after
{Heap after GC invocations=19 (full 0):
 garbage-first heap   total 133120K, used 59035K [0x0000000089800000, 0x0000000100000000)
  region size 1024K, 2 young (2048K), 2 survivors (2048K)
 Metaspace       used 54307K, committed 54528K, reserved 1114112K
  class space    used 6322K, committed 6400K, reserved 1048576K
}
Event: 5.705 GC heap before
{Heap before GC invocations=19 (full 0):
 garbage-first heap   total 133120K, used 102043K [0x0000000089800000, 0x0000000100000000)
  region size 1024K, 44 young (45056K), 2 survivors (2048K)
 Metaspace       used 57705K, committed 57984K, reserved 1114112K
  class space    used 6794K, committed 6912K, reserved 1048576K
}
Event: 5.708 GC heap after
{Heap after GC invocations=20 (full 0):
 garbage-first heap   total 133120K, used 60669K [0x0000000089800000, 0x0000000100000000)
  region size 1024K, 4 young (4096K), 4 survivors (4096K)
 Metaspace       used 57705K, committed 57984K, reserved 1114112K
  class space    used 6794K, committed 6912K, reserved 1048576K
}
Event: 6.436 GC heap before
{Heap before GC invocations=20 (full 0):
 garbage-first heap   total 133120K, used 103677K [0x0000000089800000, 0x0000000100000000)
  region size 1024K, 46 young (47104K), 4 survivors (4096K)
 Metaspace       used 59565K, committed 59840K, reserved 1114112K
  class space    used 6847K, committed 6976K, reserved 1048576K
}
Event: 6.441 GC heap after
{Heap after GC invocations=21 (full 0):
 garbage-first heap   total 133120K, used 66400K [0x0000000089800000, 0x0000000100000000)
  region size 1024K, 6 young (6144K), 6 survivors (6144K)
 Metaspace       used 59565K, committed 59840K, reserved 1114112K
  class space    used 6847K, committed 6976K, reserved 1048576K
}
Event: 6.791 GC heap before
{Heap before GC invocations=21 (full 0):
 garbage-first heap   total 133120K, used 104288K [0x0000000089800000, 0x0000000100000000)
  region size 1024K, 44 young (45056K), 6 survivors (6144K)
 Metaspace       used 60134K, committed 60416K, reserved 1114112K
  class space    used 6848K, committed 6976K, reserved 1048576K
}
Event: 6.799 GC heap after
{Heap after GC invocations=22 (full 0):
 garbage-first heap   total 133120K, used 72166K [0x0000000089800000, 0x0000000100000000)
  region size 1024K, 6 young (6144K), 6 survivors (6144K)
 Metaspace       used 60134K, committed 60416K, reserved 1114112K
  class space    used 6848K, committed 6976K, reserved 1048576K
}
Event: 7.649 GC heap before
{Heap before GC invocations=23 (full 0):
 garbage-first heap   total 133120K, used 108006K [0x0000000089800000, 0x0000000100000000)
  region size 1024K, 39 young (39936K), 6 survivors (6144K)
 Metaspace       used 61744K, committed 62016K, reserved 1114112K
  class space    used 7020K, committed 7104K, reserved 1048576K
}
Event: 7.657 GC heap after
{Heap after GC invocations=24 (full 0):
 garbage-first heap   total 133120K, used 79481K [0x0000000089800000, 0x0000000100000000)
  region size 1024K, 5 young (5120K), 5 survivors (5120K)
 Metaspace       used 61744K, committed 62016K, reserved 1114112K
  class space    used 7020K, committed 7104K, reserved 1048576K
}
Event: 7.662 GC heap before
{Heap before GC invocations=24 (full 0):
 garbage-first heap   total 133120K, used 80505K [0x0000000089800000, 0x0000000100000000)
  region size 1024K, 6 young (6144K), 5 survivors (5120K)
 Metaspace       used 61748K, committed 62016K, reserved 1114112K
  class space    used 7020K, committed 7104K, reserved 1048576K
}
Event: 7.667 GC heap after
{Heap after GC invocations=25 (full 0):
 garbage-first heap   total 133120K, used 79406K [0x0000000089800000, 0x0000000100000000)
  region size 1024K, 1 young (1024K), 1 survivors (1024K)
 Metaspace       used 61748K, committed 62016K, reserved 1114112K
  class space    used 7020K, committed 7104K, reserved 1048576K
}
Event: 8.144 GC heap before
{Heap before GC invocations=25 (full 0):
 garbage-first heap   total 133120K, used 108078K [0x0000000089800000, 0x0000000100000000)
  region size 1024K, 29 young (29696K), 1 survivors (1024K)
 Metaspace       used 62545K, committed 62848K, reserved 1114112K
  class space    used 7096K, committed 7232K, reserved 1048576K
}
Event: 8.148 GC heap after
{Heap after GC invocations=26 (full 0):
 garbage-first heap   total 133120K, used 81545K [0x0000000089800000, 0x0000000100000000)
  region size 1024K, 3 young (3072K), 3 survivors (3072K)
 Metaspace       used 62545K, committed 62848K, reserved 1114112K
  class space    used 7096K, committed 7232K, reserved 1048576K
}
Event: 8.624 GC heap before
{Heap before GC invocations=27 (full 0):
 garbage-first heap   total 142336K, used 110217K [0x0000000089800000, 0x0000000100000000)
  region size 1024K, 30 young (30720K), 3 survivors (3072K)
 Metaspace       used 63852K, committed 64192K, reserved 1114112K
  class space    used 7252K, committed 7424K, reserved 1048576K
}
Event: 8.631 GC heap after
{Heap after GC invocations=28 (full 0):
 garbage-first heap   total 142336K, used 86462K [0x0000000089800000, 0x0000000100000000)
  region size 1024K, 4 young (4096K), 4 survivors (4096K)
 Metaspace       used 63852K, committed 64192K, reserved 1114112K
  class space    used 7252K, committed 7424K, reserved 1048576K
}
Event: 8.633 GC heap before
{Heap before GC invocations=28 (full 0):
 garbage-first heap   total 142336K, used 88510K [0x0000000089800000, 0x0000000100000000)
  region size 1024K, 6 young (6144K), 4 survivors (4096K)
 Metaspace       used 63852K, committed 64192K, reserved 1114112K
  class space    used 7252K, committed 7424K, reserved 1048576K
}
Event: 8.639 GC heap after
{Heap after GC invocations=29 (full 0):
 garbage-first heap   total 313344K, used 86305K [0x0000000089800000, 0x0000000100000000)
  region size 1024K, 1 young (1024K), 1 survivors (1024K)
 Metaspace       used 63852K, committed 64192K, reserved 1114112K
  class space    used 7252K, committed 7424K, reserved 1048576K
}
Event: 12.260 GC heap before
{Heap before GC invocations=29 (full 0):
 garbage-first heap   total 313344K, used 219425K [0x0000000089800000, 0x0000000100000000)
  region size 1024K, 131 young (134144K), 1 survivors (1024K)
 Metaspace       used 65604K, committed 65920K, reserved 1114112K
  class space    used 7310K, committed 7488K, reserved 1048576K
}
Event: 12.272 GC heap after
{Heap after GC invocations=30 (full 0):
 garbage-first heap   total 313344K, used 102620K [0x0000000089800000, 0x0000000100000000)
  region size 1024K, 17 young (17408K), 17 survivors (17408K)
 Metaspace       used 65604K, committed 65920K, reserved 1114112K
  class space    used 7310K, committed 7488K, reserved 1048576K
}

